<?xml version="1.0" encoding="UTF-8"?>
<!-- Generated by org.testng.reporters.JUnitReportReporter -->
<testsuite hostname="DESKTOP-LNEAN4V" failures="0" tests="10" name="testrunner.Opencart" time="41.095" errors="0" timestamp="2021-05-13T10:28:24 IST" skipped="9">
  <testcase classname="testrunner.Opencart" name="TC_10" time="41.095"/>
  <system-out/>
  <testcase classname="testrunner.Opencart" name="TC_01">
    <skipped/>
  </testcase> <!-- TC_01 -->
  <system-out/>
  <testcase classname="testrunner.Opencart" name="TC_08">
    <skipped/>
  </testcase> <!-- TC_08 -->
  <system-out/>
  <testcase classname="testrunner.Opencart" name="TC_07">
    <skipped/>
  </testcase> <!-- TC_07 -->
  <system-out/>
  <testcase classname="testrunner.Opencart" name="TC_04">
    <skipped/>
  </testcase> <!-- TC_04 -->
  <system-out/>
  <testcase classname="testrunner.Opencart" name="TC_09">
    <skipped/>
  </testcase> <!-- TC_09 -->
  <system-out/>
  <testcase classname="testrunner.Opencart" name="TC_06">
    <skipped/>
  </testcase> <!-- TC_06 -->
  <system-out/>
  <testcase classname="testrunner.Opencart" name="TC_03">
    <skipped/>
  </testcase> <!-- TC_03 -->
  <system-out/>
  <testcase classname="testrunner.Opencart" name="TC_05">
    <skipped/>
  </testcase> <!-- TC_05 -->
  <system-out/>
  <testcase classname="testrunner.Opencart" name="TC_02">
    <skipped/>
  </testcase> <!-- TC_02 -->
  <system-out/>
</testsuite> <!-- testrunner.Opencart -->
